build/app/outputs/mapping/release/seeds.txt
com.example.se.MainActivity
com.example.se.MainActivity: MainActivity()
...
com.google.android.gms.measurement.AppMeasurement$ConditionalUserProperty: android.os.Bundle mTimedOutEventParams
io.flutter.embedding.engine.plugins.lifecycle.HiddenLifecycleReference
androidx.window.embedding.SplitPlaceholderRule: android.content.Intent getPlaceholderIntent()
io.flutter.plugin.platform.SingleViewPresentation: io.flutter.plugin.platform.SingleViewPresentation$PresentationState state
androidx.appcompat.widget.MenuPopupWindow$MenuDropDownListView
com.yalantis.ucrop.view.CropImageView: void setImageToWrapCropBoundsAnimDuration(long)
android.support.v4.graphics.drawable.IconCompatParcelizer: void write(androidx.core.graphics.drawable.IconCompat,androidx.versionedparcelable.VersionedParcel)
com.google.android.gms.internal.measurement.zzfy
androidx.appcompat.widget.LinearLayoutCompat: int getGravity()
androidx.window.embedding.SplitRuleParser: androidx.window.embedding.SplitPairFilter parseSplitPairFilter(android.content.Context,android.content.res.XmlResourceParser)
androidx.window.embedding.SplitPlaceholderRule
androidx.appcompat.widget.ActionMenuView: int getWindowAnimations()
com.google.firebase.installations.local.PersistedInstallation$RegistrationStatus: com.google.firebase.installations.local.PersistedInstallation$RegistrationStatus[] values()
com.yalantis.ucrop.view.OverlayView: com.yalantis.ucrop.callback.OverlayViewChangeListener getOverlayViewChangeListener()
androidx.window.layout.WindowMetricsCalculatorDecorator
com.google.android.gms.measurement.internal.AppMeasurementDynamiteService: void performAction(android.os.Bundle,com.google.android.gms.internal.measurement.zzcf,long)
com.google.android.gms.internal.firebase-auth-api.zzez: com.google.android.gms.internal.firebase-auth-api.zzff zze
com.google.android.gms.internal.measurement.zzms: com.google.android.gms.internal.measurement.zzms[] values()
com.google.android.gms.internal.measurement.zzeq: boolean zzg
androidx.appcompat.widget.ActionBarContextView: void setSubtitle(java.lang.CharSequence)
com.google.android.gms.internal.firebase-auth-api.zzim
com.google.android.gms.internal.measurement.zzgt: boolean zzj
io.flutter.plugin.platform.SingleViewPresentation: io.flutter.plugin.platform.PlatformView getView()
androidx.window.embedding.ExtensionEmbeddingBackend$SplitListenerWrapper
androidx.window.layout.WindowMetricsCalculator: androidx.window.layout.WindowMetrics computeMaximumWindowMetrics(android.app.Activity)
com.google.android.gms.internal.measurement.zzgh
com.yalantis.ucrop.view.OverlayView: void setCircleDimmedLayer(boolean)
com.google.android.gms.internal.measurement.zzgh: double zzk
com.google.android.gms.internal.measurement.zzgm: com.google.android.gms.internal.measurement.zzgm zza
com.google.android.gms.internal.firebase-auth-api.zzww: android.os.Parcelable$Creator CREATOR
com.google.android.gms.internal.measurement.zzfs
kotlin.jvm.internal.FunctionReference: int hashCode()
io.flutter.plugin.editing.ImeSyncDeferringInsetsCallback: int overlayInsetTypes
androidx.window.embedding.ExtensionEmbeddingBackend: void access$setGlobalInstance$cp(androidx.window.embedding.ExtensionEmbeddingBackend)
androidx.window.core.Bounds: boolean isZero()
androidx.window.layout.SidecarCompat: androidx.window.layout.ExtensionInterfaceCompat$ExtensionCallbackInterface access$getExtensionCallback$p(androidx.window.layout.SidecarCompat)
io.flutter.embedding.engine.FlutterJNI: void setPlatformMessageHandler(io.flutter.embedding.engine.dart.PlatformMessageHandler)
androidx.appcompat.widget.ActionBarOverlayLayout: void setIcon(android.graphics.drawable.Drawable)
androidx.window.embedding.ExtensionEmbeddingBackend$EmbeddingCallbackImpl: androidx.window.embedding.ExtensionEmbeddingBackend this$0
com.yalantis.ucrop.view.OverlayView: int getFreestyleCropMode()
com.google.android.gms.internal.firebase-auth-api.zzgm: com.google.android.gms.internal.firebase-auth-api.zzgm zzb