build/app/outputs/mapping/release/mapping.txt
# compiler: R8
# compiler_version: 2.1.62
# min_api: 19
# pg_map_id: c70d645
# common_typos_disable
...
okhttp3.Dns -> k.o:
    okhttp3.Dns SYSTEM -> a
    java.util.List lookup(java.lang.String) -> a
okhttp3.Dns$1 -> k.o$a:
    java.util.List lookup(java.lang.String) -> a
okhttp3.EventListener -> k.p:
    okhttp3.EventListener NONE -> a
    void callEnd(okhttp3.Call) -> a
    void callFailed(okhttp3.Call,java.io.IOException) -> b
    void callStart(okhttp3.Call) -> c
    void connectEnd(okhttp3.Call,java.net.InetSocketAddress,java.net.Proxy,okhttp3.Protocol) -> d
    void connectFailed(okhttp3.Call,java.net.InetSocketAddress,java.net.Proxy,okhttp3.Protocol,java.io.IOException) -> e
    void connectStart(okhttp3.Call,java.net.InetSocketAddress,java.net.Proxy) -> f
    void connectionAcquired(okhttp3.Call,okhttp3.Connection) -> g
    void connectionReleased(okhttp3.Call,okhttp3.Connection) -> h
    void dnsEnd(okhttp3.Call,java.lang.String,java.util.List) -> i
    void dnsStart(okhttp3.Call,java.lang.String) -> j
    okhttp3.EventListener$Factory factory(okhttp3.EventListener) -> k
    void requestBodyEnd(okhttp3.Call,long) -> l
    void requestBodyStart(okhttp3.Call) -> m
    void requestHeadersEnd(okhttp3.Call,okhttp3.Request) -> n
    void requestHeadersStart(okhttp3.Call) -> o
    void responseBodyEnd(okhttp3.Call,long) -> p
    void responseBodyStart(okhttp3.Call) -> q
    void responseHeadersEnd(okhttp3.Call,okhttp3.Response) -> r
    void responseHeadersStart(okhttp3.Call) -> s
    void secureConnectEnd(okhttp3.Call,okhttp3.Handshake) -> t
    void secureConnectStart(okhttp3.Call) -> u
okhttp3.EventListener$1 -> k.p$a:
okhttp3.EventListener$2 -> k.p$b:
    okhttp3.EventListener val$listener -> a
    okhttp3.EventListener create(okhttp3.Call) -> a
okhttp3.EventListener$Factory -> k.p$c:
    okhttp3.EventListener create(okhttp3.Call) -> a
okhttp3.Handshake -> k.q:
    okhttp3.TlsVersion tlsVersion -> a
    okhttp3.CipherSuite cipherSuite -> b
    java.util.List localCertificates -> d
    java.util.List peerCertificates -> c
    okhttp3.CipherSuite cipherSuite() -> a
    okhttp3.Handshake get(javax.net.ssl.SSLSession) -> b
    java.util.List peerCertificates() -> c
okhttp3.Headers -> k.r:
    java.lang.String[] namesAndValues -> a
    void checkName(java.lang.String) -> a
    void checkValue(java.lang.String,java.lang.String) -> b
    java.lang.String get(java.lang.String) -> c
    java.lang.String get(java.lang.String[],java.lang.String) -> d
    java.lang.String name(int) -> e
    okhttp3.Headers$Builder newBuilder() -> f
    int size() -> g
    java.lang.String value(int) -> h
    java.util.List values(java.lang.String) -> i
okhttp3.Headers$Builder -> k.r$a:
    java.util.List namesAndValues -> a
    okhttp3.Headers$Builder add(java.lang.String,java.lang.String) -> a
    okhttp3.Headers$Builder addLenient(java.lang.String) -> b
    okhttp3.Headers$Builder addLenient(java.lang.String,java.lang.String) -> c
    okhttp3.Headers build() -> d
    okhttp3.Headers$Builder removeAll(java.lang.String) -> e
    okhttp3.Headers$Builder set(java.lang.String,java.lang.String) -> f