build/app/outputs/mapping/release/usage.txt
com.example.se.R$styleable
com.example.se.R$bool
com.example.se.R$drawable
com.example.se.R$animator
com.example.se.R$attr
com.example.se.R$layout
com.example.se.R$string
com.example.se.R$mipmap
com.example.se.R$menu
com.example.se.R
com.example.se.R$style
com.example.se.R$anim
com.example.se.R$integer
com.example.se.R$dimen
com.example.se.R$color
com.example.se.R$xml
com.example.se.R$interpolator
com.example.se.R$id
com.example.se.BuildConfig
...
androidx.appcompat.widget.MenuPopupWindow$MenuDropDownListView:
    public void clearSelection()
    public synthetic bridge int lookForSelectablePosition(int,boolean)
kotlin.collections.builders.SerializedMap
androidx.transition.ChangeScroll
com.google.common.collect.ByFunctionOrdering
com.google.android.gms.internal.safetynet.zze:
    public void zza(com.google.android.gms.common.api.Status,com.google.android.gms.safetynet.zza)
kotlinx.coroutines.channels.ActorKt
kotlin.concurrent.ThreadsKt
com.google.common.collect.Range
androidx.appcompat.widget.ActionMenuView$LayoutParams:
    void <init>(int,int,boolean)
kotlinx.coroutines.flow.FlowKt__ReduceKt$reduce$$inlined$collect$1
io.flutter.plugin.editing.ListenableEditingState:
    private static final java.lang.String TAG
androidx.core.text.util.LinkifyCompat$LinkifyMask
com.google.android.gms.common.images.ImageManager
com.google.common.base.Ascii
androidx.appcompat.widget.PopupMenu$OnDismissListener
com.google.common.graph.AbstractBaseGraph$IncidentEdgeSet$Directed$1
com.google.android.gms.common.internal.GmsClientSupervisor:
    public static void setUseHandlerThreadForCallbacks()
    public void unbindService(android.content.ComponentName,android.content.ServiceConnection,java.lang.String)
    public void unbindService(java.lang.String,android.content.ServiceConnection,java.lang.String)
    public boolean bindService(android.content.ComponentName,android.content.ServiceConnection,java.lang.String)
    public boolean bindService(java.lang.String,android.content.ServiceConnection,java.lang.String)
com.google.common.math.LongMath$MillerRabinTester$1
androidx.core.location.LocationManagerCompat$GnssStatusTransport
com.google.common.math.DoubleMath$1
androidx.core.accessibilityservice.AccessibilityServiceInfoCompat
com.google.android.gms.measurement.AppMeasurement:
    public java.lang.Boolean getBoolean()
    public java.lang.Double getDouble()
    public java.lang.Integer getInteger()
    public java.lang.Long getLong()
    public java.lang.String getString()
    public java.util.Map getUserProperties(boolean)
    public void logEventInternalNoInterceptor(java.lang.String,java.lang.String,android.os.Bundle,long)
    public void registerOnMeasurementEventListener(com.google.android.gms.measurement.AppMeasurement$OnEventListener)
    public void setEventInterceptor(com.google.android.gms.measurement.AppMeasurement$EventInterceptor)
    public void unregisterOnMeasurementEventListener(com.google.android.gms.measurement.AppMeasurement$OnEventListener)
    public static final java.lang.String CRASH_ORIGIN
    public static final java.lang.String FCM_ORIGIN
    public static final java.lang.String FIAM_ORIGIN
kotlinx.coroutines.AbstractCoroutine:
    public static synthetic void getContext$annotations()
kotlinx.coroutines.channels.AbstractChannel$TryPollDesc
androidx.core.app.ComponentActivity:
    public void putExtraData(androidx.core.app.ComponentActivity$ExtraData)
    public androidx.core.app.ComponentActivity$ExtraData getExtraData(java.lang.Class)
    public androidx.lifecycle.Lifecycle getLifecycle()
okhttp3.internal.connection.RealConnection$1
kotlinx.coroutines.scheduling.TasksKt:
    public static final boolean isBlocking(kotlinx.coroutines.scheduling.Task)
    public static final java.lang.String DEFAULT_DISPATCHER_NAME
    public static final java.lang.String DEFAULT_SCHEDULER_NAME
    public static final int TASK_NON_BLOCKING
    public static final int TASK_PROBABLY_BLOCKING
kotlinx.coroutines.channels.ChannelsKt__ChannelsKt$sendBlocking$1
kotlin.coroutines.CombinedContext$Serialized
com.google.common.base.CharMatcher$Any
com.google.common.cache.LocalCache$Segment$1
kotlin.jvm.JvmMultifileClass
kotlin.internal.ProgressionUtilKt:
    private static final long mod(long,long)
    private static final long differenceModulo(long,long,long)
    public static final long getProgressionLastElement(long,long,long)
com.google.common.collect.SortedLists$KeyPresentBehavior$3